TN:
SF:src/App.jsx
FN:9,App
FN:14,fetchData
FNF:2
FNH:2
FNDA:6,App
FNDA:3,fetchData
DA:1,1
DA:2,1
DA:3,1
DA:4,1
DA:5,1
DA:6,1
DA:7,1
DA:8,1
DA:9,6
DA:10,6
DA:11,6
DA:12,6
DA:13,6
DA:14,6
DA:15,3
DA:16,3
DA:17,3
DA:18,3
DA:19,3
DA:20,3
DA:21,3
DA:22,3
DA:23,3
DA:24,3
DA:25,3
DA:26,3
DA:27,3
DA:28,1
DA:29,1
DA:30,1
DA:31,3
DA:32,6
DA:33,6
DA:34,3
DA:35,6
DA:36,6
DA:37,6
DA:38,6
DA:39,6
DA:40,6
DA:41,6
DA:42,6
DA:43,6
DA:44,6
DA:45,1
DA:46,1
LF:46
LH:46
BRDA:9,0,0,6
BRDA:14,1,0,3
BRDA:27,2,0,1
BRDA:33,3,0,3
BRF:4
BRH:4
end_of_record
TN:
SF:src/components/Foto.jsx
FN:4,Foto
FNF:1
FNH:1
FNDA:10,Foto
DA:1,1
DA:2,1
DA:3,1
DA:4,1
DA:5,10
DA:6,10
DA:7,10
DA:8,10
DA:9,10
DA:10,10
DA:11,1
DA:12,1
DA:13,1
DA:14,1
DA:15,1
DA:16,1
DA:17,1
DA:18,1
DA:19,1
DA:20,1
DA:21,1
LF:21
LH:21
BRDA:4,0,0,10
BRF:1
BRH:1
end_of_record
TN:
SF:src/components/FotoAmpliada.jsx
FN:3,FotoAmpliada
FNF:1
FNH:1
FNDA:6,FotoAmpliada
DA:1,1
DA:2,1
DA:3,1
DA:4,6
DA:5,6
DA:6,1
DA:7,1
LF:7
LH:7
BRDA:3,0,0,6
BRF:1
BRH:1
end_of_record
TN:
SF:src/components/FotoList.jsx
FN:6,FotoList
FNF:1
FNH:1
FNDA:6,FotoList
DA:1,1
DA:2,1
DA:3,1
DA:4,1
DA:5,1
DA:6,1
DA:7,6
DA:8,6
DA:9,6
DA:10,4
DA:11,6
DA:12,6
DA:13,6
DA:14,1
DA:15,1
DA:16,1
DA:17,1
DA:18,1
DA:19,1
DA:20,1
DA:21,1
DA:22,1
DA:23,1
DA:24,1
DA:25,1
DA:26,1
DA:27,1
LF:27
LH:27
BRDA:6,0,0,6
BRDA:9,1,0,4
BRDA:10,2,0,2
BRF:3
BRH:3
end_of_record
TN:
SF:src/components/SearchBar.jsx
FN:3,SearchBar
FNF:1
FNH:1
FNDA:6,SearchBar
DA:1,1
DA:2,1
DA:3,1
DA:4,6
DA:5,6
DA:6,6
DA:7,6
DA:8,6
DA:9,6
DA:10,6
DA:11,24
DA:12,24
DA:13,24
DA:14,6
DA:15,6
DA:16,6
DA:17,6
DA:18,6
DA:19,1
DA:20,1
LF:20
LH:20
BRDA:3,0,0,6
BRDA:10,1,0,24
BRF:2
BRH:2
end_of_record
