TN:
SF:src/App.jsx
FN:9,App
FN:15,fetchData
FNF:2
FNH:2
FNDA:10,App
FNDA:5,fetchData
DA:1,1
DA:2,1
DA:3,1
DA:4,1
DA:5,1
DA:6,1
DA:7,1
DA:8,1
DA:9,10
DA:10,10
DA:11,10
DA:12,10
DA:13,10
DA:14,10
DA:15,10
DA:16,5
DA:17,5
DA:18,5
DA:19,5
DA:20,5
DA:21,5
DA:22,5
DA:23,5
DA:24,5
DA:25,5
DA:26,5
DA:27,5
DA:28,5
DA:29,1
DA:30,1
DA:31,1
DA:32,5
DA:33,10
DA:34,10
DA:35,5
DA:36,10
DA:37,10
DA:38,10
DA:39,10
DA:40,10
DA:41,10
DA:42,10
DA:43,1
DA:44,10
DA:45,10
DA:46,10
DA:47,10
DA:48,1
DA:49,1
LF:49
LH:49
BRDA:9,0,0,10
BRDA:42,1,0,1
BRDA:15,2,0,5
BRDA:28,3,0,1
BRDA:34,4,0,5
BRF:5
BRH:5
end_of_record
TN:
SF:src/components/Foto.jsx
FN:4,Foto
FN:6,onClick
FNF:2
FNH:2
FNDA:14,Foto
FNDA:1,onClick
DA:1,1
DA:2,1
DA:3,1
DA:4,1
DA:5,14
DA:6,14
DA:7,14
DA:8,14
DA:9,14
DA:10,14
DA:11,1
DA:12,1
DA:13,1
DA:14,1
DA:15,1
DA:16,1
DA:17,1
DA:18,1
DA:19,1
DA:20,1
DA:21,1
DA:22,1
LF:22
LH:22
BRDA:4,0,0,14
BRDA:6,1,0,1
BRF:2
BRH:2
end_of_record
TN:
SF:src/components/FotoAmpliada.jsx
FN:4,FotoAmpliada
FN:8,onClick
FNF:2
FNH:2
FNDA:5,FotoAmpliada
FNDA:1,onClick
DA:1,1
DA:2,1
DA:3,1
DA:4,1
DA:5,5
DA:6,5
DA:7,5
DA:8,5
DA:9,5
DA:10,5
DA:11,5
DA:12,5
DA:13,5
DA:14,5
DA:15,5
DA:16,1
DA:17,1
DA:18,1
DA:19,1
DA:20,1
DA:21,1
DA:22,1
DA:23,1
DA:24,1
DA:25,1
DA:26,1
DA:27,1
LF:27
LH:27
BRDA:4,0,0,5
BRDA:8,1,0,1
BRF:2
BRH:2
end_of_record
TN:
SF:src/components/FotoList.jsx
FN:6,FotoList
FNF:1
FNH:1
FNDA:10,FotoList
DA:1,1
DA:2,1
DA:3,1
DA:4,1
DA:5,1
DA:6,1
DA:7,10
DA:8,10
DA:9,10
DA:10,8
DA:11,6
DA:12,8
DA:13,10
DA:14,10
DA:15,10
DA:16,1
DA:17,1
DA:18,1
DA:19,1
DA:20,1
DA:21,1
DA:22,1
DA:23,1
DA:24,1
DA:25,1
DA:26,1
DA:27,1
DA:28,1
DA:29,1
DA:30,1
LF:30
LH:30
BRDA:6,0,0,10
BRDA:9,1,0,8
BRDA:10,2,0,6
BRF:3
BRH:3
end_of_record
TN:
SF:src/components/SearchBar.jsx
FN:3,SearchBar
FNF:1
FNH:1
FNDA:10,SearchBar
DA:1,1
DA:2,1
DA:3,1
DA:4,10
DA:5,10
DA:6,10
DA:7,10
DA:8,10
DA:9,10
DA:10,10
DA:11,40
DA:12,40
DA:13,40
DA:14,10
DA:15,10
DA:16,10
DA:17,10
DA:18,10
DA:19,1
DA:20,1
LF:20
LH:20
BRDA:3,0,0,10
BRDA:10,1,0,40
BRF:2
BRH:2
end_of_record
